STEP to UG
! INFO-     NX STEP AP214 - V2007
! INFO-      
! INFO-     Start of Translation: 6-JUN-2022  11:13:05 PM
! INFO-      
! STATUS-   Converting Part: C:\Users\fnbur\Downloads\T-motor mn2806 v4.step
! SUMMARY-   
! SUMMARY-    STEP Header Information
! SUMMARY-   
! SUMMARY-  Description      Unknown
! SUMMARY-  Imp_Level        2;1
! SUMMARY-  File_Name        C:/Users/fnbur/Downloads/T-motor mn2806 v4.step
! SUMMARY-  Date             2022-06-06T23:10:36+02:00
! SUMMARY-  Author           Unknown
! SUMMARY-  Organization     Unknown
! SUMMARY-  Pre_Version      ST-DEVELOPER v19
! SUMMARY-  Orig_System      Autodesk Translation Framework v11.7.0.108
! SUMMARY-  Authorization    Unknown
! SUMMARY-  Schema_ID        automotive_design
! SUMMARY-   
! SUMMARY-    Summary of STEP Entities
! SUMMARY-   
! SUMMARY-  Entity Type                                                   Count
! SUMMARY-  -----------                                                   ------
! SUMMARY-  advanced_face ..............................................:   1090
! SUMMARY-  application_context ........................................:      1
! SUMMARY-  axis2_placement_3d .........................................:   2256
! SUMMARY-  b_spline_curve_with_knots ..................................:     90
! SUMMARY-  b_spline_surface_with_knots ................................:     12
! SUMMARY-  cartesian_point ............................................:   6291
! SUMMARY-  circle .....................................................:   1158
! SUMMARY-  closed_shell ...............................................:     34
! SUMMARY-  conical_surface ............................................:     67
! SUMMARY-  context_dependent_shape_representation .....................:      9
! SUMMARY-  cylindrical_surface ........................................:    449
! SUMMARY-  direction ..................................................:   5755
! SUMMARY-  edge_curve .................................................:   2493
! SUMMARY-  edge_loop ..................................................:   1137
! SUMMARY-  ellipse ....................................................:      2
! SUMMARY-  face_bound .................................................:     47
! SUMMARY-  face_outer_bound ...........................................:   1090
! SUMMARY-  geometric_representation_context_and_global_uncertainty_a ..:     10
! SUMMARY-  item_defined_transformation ................................:      9
! SUMMARY-  length_unit_and_si_unit ....................................:      1
! SUMMARY-  line .......................................................:   1243
! SUMMARY-  manifold_solid_brep ........................................:     34
! SUMMARY-  next_assembly_usage_occurrence .............................:      9
! SUMMARY-  oriented_edge ..............................................:   4986
! SUMMARY-  plane ......................................................:    353
! SUMMARY-  plane_angle_unit_and_si_unit ...............................:      1
! SUMMARY-  product ....................................................:      9
! SUMMARY-  product_context ............................................:      1
! SUMMARY-  product_definition .........................................:      9
! SUMMARY-  product_definition_context .................................:      1
! SUMMARY-  product_definition_formation ...............................:      9
! SUMMARY-  product_definition_shape ...................................:     18
! SUMMARY-  product_related_product_category ...........................:      9
! SUMMARY-  representation_relationship_with_transformation_and_shape ..:      9
! SUMMARY-  shape_representation .......................................:      9
! SUMMARY-  si_unit_and_solid_angle_unit ...............................:      1
! SUMMARY-  spherical_surface ..........................................:    112
! SUMMARY-  toroidal_surface ...........................................:     97
! SUMMARY-  uncertainty_measure_with_unit ..............................:     10
! SUMMARY-  vector .....................................................:   1243
! SUMMARY-  vertex_point ...............................................:   1468
! SUMMARY-                                                               -------
! SUMMARY-  Total                                                          31632
! STATUS-    
! STATUS-   Converting to Output Form (Phase 2 of 3): 6-JUN-2022 11:13:05 PM
! STATUS-    
! STATUS-    
! STATUS-   Generating UG geometry and placing them in parts
! STATUS-    
! STATUS-   Creating the UG part (Phase 3 of 3): 6-JUN-2022  11:13:08 PM
! INFO-     Filing Part ..: C:\Users\fnbur\OneDrive\Documents\GitHub\drone_cad\our_unnamed_drone\Propulsion\T-Motor_F2004\bell magnit mn2806
! SUMMARY-   
! SUMMARY-  Summary of Unigraphics Part Entities
! SUMMARY-   
! SUMMARY-  Entities Processed             Count
! SUMMARY-  ------------------             -----
! SUMMARY-  Solid .......................:    15
! SUMMARY-                                 -----
! SUMMARY-  Total                             15
! STATUS-   Creating the UG part (Phase 3 of 3): 6-JUN-2022  11:13:09 PM
! INFO-     Filing Part ..: C:\Users\fnbur\OneDrive\Documents\GitHub\drone_cad\our_unnamed_drone\Propulsion\T-Motor_F2004\bell mn2806
! SUMMARY-   
! SUMMARY-  Summary of Unigraphics Part Entities
! SUMMARY-   
! SUMMARY-  Entities Processed             Count
! SUMMARY-  ------------------             -----
! SUMMARY-  Solid .......................:     1
! SUMMARY-                                 -----
! SUMMARY-  Total                              1
! STATUS-   Creating the UG part (Phase 3 of 3): 6-JUN-2022  11:13:09 PM
! INFO-     Filing Part ..: C:\Users\fnbur\OneDrive\Documents\GitHub\drone_cad\our_unnamed_drone\Propulsion\T-Motor_F2004\stop
! SUMMARY-   
! SUMMARY-  Summary of Unigraphics Part Entities
! SUMMARY-   
! SUMMARY-  Entities Processed             Count
! SUMMARY-  ------------------             -----
! SUMMARY-  Solid .......................:     1
! SUMMARY-                                 -----
! SUMMARY-  Total                              1
! STATUS-   Creating the UG part (Phase 3 of 3): 6-JUN-2022  11:13:10 PM
! INFO-     Filing Part ..: C:\Users\fnbur\OneDrive\Documents\GitHub\drone_cad\our_unnamed_drone\Propulsion\T-Motor_F2004\шайба 4,2х5,5х0,7
! SUMMARY-   
! SUMMARY-  Summary of Unigraphics Part Entities
! SUMMARY-   
! SUMMARY-  Entities Processed             Count
! SUMMARY-  ------------------             -----
! SUMMARY-  Solid .......................:     1
! SUMMARY-                                 -----
! SUMMARY-  Total                              1
! STATUS-   Creating the UG part (Phase 3 of 3): 6-JUN-2022  11:13:10 PM
! INFO-     Filing Part ..: C:\Users\fnbur\OneDrive\Documents\GitHub\drone_cad\our_unnamed_drone\Propulsion\T-Motor_F2004\shaft mn2806
! SUMMARY-   
! SUMMARY-  Summary of Unigraphics Part Entities
! SUMMARY-   
! SUMMARY-  Entities Processed             Count
! SUMMARY-  ------------------             -----
! SUMMARY-  Solid .......................:     1
! SUMMARY-                                 -----
! SUMMARY-  Total                              1
! STATUS-   Creating the UG part (Phase 3 of 3): 6-JUN-2022  11:13:10 PM
! INFO-     Filing Part ..: C:\Users\fnbur\OneDrive\Documents\GitHub\drone_cad\our_unnamed_drone\Propulsion\T-Motor_F2004\ballbearing 694z
! SUMMARY-   
! SUMMARY-  Summary of Unigraphics Part Entities
! SUMMARY-   
! SUMMARY-  Entities Processed             Count
! SUMMARY-  ------------------             -----
! SUMMARY-  Solid .......................:     1
! SUMMARY-                                 -----
! SUMMARY-  Total                              1
! STATUS-   Creating the UG part (Phase 3 of 3): 6-JUN-2022  11:13:10 PM
! INFO-     Filing Part ..: C:\Users\fnbur\OneDrive\Documents\GitHub\drone_cad\our_unnamed_drone\Propulsion\T-Motor_F2004\stator mn2806
! SUMMARY-   
! SUMMARY-  Summary of Unigraphics Part Entities
! SUMMARY-   
! SUMMARY-  Entities Processed             Count
! SUMMARY-  ------------------             -----
! SUMMARY-  Solid .......................:    13
! SUMMARY-                                 -----
! SUMMARY-  Total                             13
! STATUS-   Creating the UG part (Phase 3 of 3): 6-JUN-2022  11:13:10 PM
! INFO-     Filing Part ..: C:\Users\fnbur\OneDrive\Documents\GitHub\drone_cad\our_unnamed_drone\Propulsion\T-Motor_F2004\baze mn2806
! SUMMARY-   
! SUMMARY-  Summary of Unigraphics Part Entities
! SUMMARY-   
! SUMMARY-  Entities Processed             Count
! SUMMARY-  ------------------             -----
! SUMMARY-  Solid .......................:     1
! SUMMARY-                                 -----
! SUMMARY-  Total                              1
! STATUS-   Creating the UG part (Phase 3 of 3): 6-JUN-2022  11:13:10 PM
! INFO-     Filing Part ..: C:\Users\fnbur\OneDrive\Documents\GitHub\drone_cad\our_unnamed_drone\Propulsion\T-Motor_F2004\T-motor mn2806 v4.prt
! SUMMARY-   
! SUMMARY-  Summary of Unigraphics Part Entities
! SUMMARY-   
! SUMMARY-  Entities Processed             Count
! SUMMARY-  ------------------             -----
! SUMMARY-  Component ...................:     9
! SUMMARY-                                 -----
! SUMMARY-  Total                              9
! INFO-      
! INFO-     Total number of solids input for this translation       :        34
! INFO-      
! INFO-     Number of solids created without body validation faults :        34
! INFO-      
! INFO-     Number of solids created with body validation fault(s)  :         0
! INFO-      
! INFO-     Number of solids ending up as sheet bodies              :         0
! INFO-      
! INFO-     End of Translation: 6-JUN-2022  11:13:11 PM
! INFO-      
STEP to UG
! INFO-     NX STEP AP214 - V2007
! INFO-      
! INFO-     Start of Translation: 6-JUN-2022  11:17:44 PM
! INFO-      
! STATUS-   Converting Part: C:\Users\fnbur\Downloads\T-motor mn2806 v4.step
! SUMMARY-   
! SUMMARY-    STEP Header Information
! SUMMARY-   
! SUMMARY-  Description      Unknown
! SUMMARY-  Imp_Level        2;1
! SUMMARY-  File_Name        C:/Users/fnbur/Downloads/T-motor mn2806 v4.step
! SUMMARY-  Date             2022-06-06T23:10:36+02:00
! SUMMARY-  Author           Unknown
! SUMMARY-  Organization     Unknown
! SUMMARY-  Pre_Version      ST-DEVELOPER v19
! SUMMARY-  Orig_System      Autodesk Translation Framework v11.7.0.108
! SUMMARY-  Authorization    Unknown
! SUMMARY-  Schema_ID        automotive_design
! SUMMARY-   
! SUMMARY-    Summary of STEP Entities
! SUMMARY-   
! SUMMARY-  Entity Type                                                   Count
! SUMMARY-  -----------                                                   ------
! SUMMARY-  advanced_face ..............................................:   1090
! SUMMARY-  application_context ........................................:      1
! SUMMARY-  axis2_placement_3d .........................................:   2256
! SUMMARY-  b_spline_curve_with_knots ..................................:     90
! SUMMARY-  b_spline_surface_with_knots ................................:     12
! SUMMARY-  cartesian_point ............................................:   6291
! SUMMARY-  circle .....................................................:   1158
! SUMMARY-  closed_shell ...............................................:     34
! SUMMARY-  conical_surface ............................................:     67
! SUMMARY-  context_dependent_shape_representation .....................:      9
! SUMMARY-  cylindrical_surface ........................................:    449
! SUMMARY-  direction ..................................................:   5755
! SUMMARY-  edge_curve .................................................:   2493
! SUMMARY-  edge_loop ..................................................:   1137
! SUMMARY-  ellipse ....................................................:      2
! SUMMARY-  face_bound .................................................:     47
! SUMMARY-  face_outer_bound ...........................................:   1090
! SUMMARY-  geometric_representation_context_and_global_uncertainty_a ..:     10
! SUMMARY-  item_defined_transformation ................................:      9
! SUMMARY-  length_unit_and_si_unit ....................................:      1
! SUMMARY-  line .......................................................:   1243
! SUMMARY-  manifold_solid_brep ........................................:     34
! SUMMARY-  next_assembly_usage_occurrence .............................:      9
! SUMMARY-  oriented_edge ..............................................:   4986
! SUMMARY-  plane ......................................................:    353
! SUMMARY-  plane_angle_unit_and_si_unit ...............................:      1
! SUMMARY-  product ....................................................:      9
! SUMMARY-  product_context ............................................:      1
! SUMMARY-  product_definition .........................................:      9
! SUMMARY-  product_definition_context .................................:      1
! SUMMARY-  product_definition_formation ...............................:      9
! SUMMARY-  product_definition_shape ...................................:     18
! SUMMARY-  product_related_product_category ...........................:      9
! SUMMARY-  representation_relationship_with_transformation_and_shape ..:      9
! SUMMARY-  shape_representation .......................................:      9
! SUMMARY-  si_unit_and_solid_angle_unit ...............................:      1
! SUMMARY-  spherical_surface ..........................................:    112
! SUMMARY-  toroidal_surface ...........................................:     97
! SUMMARY-  uncertainty_measure_with_unit ..............................:     10
! SUMMARY-  vector .....................................................:   1243
! SUMMARY-  vertex_point ...............................................:   1468
! SUMMARY-                                                               -------
! SUMMARY-  Total                                                          31632
! STATUS-    
! STATUS-   Converting to Output Form (Phase 2 of 3): 6-JUN-2022 11:17:45 PM
! STATUS-    
! STATUS-    
! STATUS-   Generating UG geometry and placing them in parts
! STATUS-    
! STATUS-   Creating the UG part (Phase 3 of 3): 6-JUN-2022  11:17:48 PM
! INFO-     Filing Part ..: C:\Users\fnbur\OneDrive\Documents\GitHub\drone_cad\our_unnamed_drone\Propulsion\T-Motor_F2004\bell magnit mn280632104
! SUMMARY-   
! SUMMARY-  Summary of Unigraphics Part Entities
! SUMMARY-   
! SUMMARY-  Entities Processed             Count
! SUMMARY-  ------------------             -----
! SUMMARY-  Solid .......................:    15
! SUMMARY-                                 -----
! SUMMARY-  Total                             15
! STATUS-   Creating the UG part (Phase 3 of 3): 6-JUN-2022  11:17:49 PM
! INFO-     Filing Part ..: C:\Users\fnbur\OneDrive\Documents\GitHub\drone_cad\our_unnamed_drone\Propulsion\T-Motor_F2004\bell mn280632103
! SUMMARY-   
! SUMMARY-  Summary of Unigraphics Part Entities
! SUMMARY-   
! SUMMARY-  Entities Processed             Count
! SUMMARY-  ------------------             -----
! SUMMARY-  Solid .......................:     1
! SUMMARY-                                 -----
! SUMMARY-  Total                              1
! STATUS-   Creating the UG part (Phase 3 of 3): 6-JUN-2022  11:17:49 PM
! INFO-     Filing Part ..: C:\Users\fnbur\OneDrive\Documents\GitHub\drone_cad\our_unnamed_drone\Propulsion\T-Motor_F2004\stop32102
! SUMMARY-   
! SUMMARY-  Summary of Unigraphics Part Entities
! SUMMARY-   
! SUMMARY-  Entities Processed             Count
! SUMMARY-  ------------------             -----
! SUMMARY-  Solid .......................:     1
! SUMMARY-                                 -----
! SUMMARY-  Total                              1
! STATUS-   Creating the UG part (Phase 3 of 3): 6-JUN-2022  11:17:49 PM
! INFO-     Filing Part ..: C:\Users\fnbur\OneDrive\Documents\GitHub\drone_cad\our_unnamed_drone\Propulsion\T-Motor_F2004\шайба 4,2х5,5х0,732101
! SUMMARY-   
! SUMMARY-  Summary of Unigraphics Part Entities
! SUMMARY-   
! SUMMARY-  Entities Processed             Count
! SUMMARY-  ------------------             -----
! SUMMARY-  Solid .......................:     1
! SUMMARY-                                 -----
! SUMMARY-  Total                              1
! STATUS-   Creating the UG part (Phase 3 of 3): 6-JUN-2022  11:17:49 PM
! INFO-     Filing Part ..: C:\Users\fnbur\OneDrive\Documents\GitHub\drone_cad\our_unnamed_drone\Propulsion\T-Motor_F2004\shaft mn280632100
! SUMMARY-   
! SUMMARY-  Summary of Unigraphics Part Entities
! SUMMARY-   
! SUMMARY-  Entities Processed             Count
! SUMMARY-  ------------------             -----
! SUMMARY-  Solid .......................:     1
! SUMMARY-                                 -----
! SUMMARY-  Total                              1
! STATUS-   Creating the UG part (Phase 3 of 3): 6-JUN-2022  11:17:49 PM
! INFO-     Filing Part ..: C:\Users\fnbur\OneDrive\Documents\GitHub\drone_cad\our_unnamed_drone\Propulsion\T-Motor_F2004\ballbearing 694z32099
! SUMMARY-   
! SUMMARY-  Summary of Unigraphics Part Entities
! SUMMARY-   
! SUMMARY-  Entities Processed             Count
! SUMMARY-  ------------------             -----
! SUMMARY-  Solid .......................:     1
! SUMMARY-                                 -----
! SUMMARY-  Total                              1
! STATUS-   Creating the UG part (Phase 3 of 3): 6-JUN-2022  11:17:49 PM
! INFO-     Filing Part ..: C:\Users\fnbur\OneDrive\Documents\GitHub\drone_cad\our_unnamed_drone\Propulsion\T-Motor_F2004\stator mn280632098
! SUMMARY-   
! SUMMARY-  Summary of Unigraphics Part Entities
! SUMMARY-   
! SUMMARY-  Entities Processed             Count
! SUMMARY-  ------------------             -----
! SUMMARY-  Solid .......................:    13
! SUMMARY-                                 -----
! SUMMARY-  Total                             13
! STATUS-   Creating the UG part (Phase 3 of 3): 6-JUN-2022  11:17:50 PM
! INFO-     Filing Part ..: C:\Users\fnbur\OneDrive\Documents\GitHub\drone_cad\our_unnamed_drone\Propulsion\T-Motor_F2004\baze mn280632097
! SUMMARY-   
! SUMMARY-  Summary of Unigraphics Part Entities
! SUMMARY-   
! SUMMARY-  Entities Processed             Count
! SUMMARY-  ------------------             -----
! SUMMARY-  Solid .......................:     1
! SUMMARY-                                 -----
! SUMMARY-  Total                              1
! STATUS-   Creating the UG part (Phase 3 of 3): 6-JUN-2022  11:17:50 PM
! INFO-     Filing Part ..: C:\Users\fnbur\OneDrive\Documents\GitHub\drone_cad\our_unnamed_drone\Propulsion\T-Motor_F2004\T-motor mn2806 v4.prt
! SUMMARY-   
! SUMMARY-  Summary of Unigraphics Part Entities
! SUMMARY-   
! SUMMARY-  Entities Processed             Count
! SUMMARY-  ------------------             -----
! SUMMARY-  Component ...................:     9
! SUMMARY-                                 -----
! SUMMARY-  Total                              9
! INFO-      
! INFO-     Total number of solids input for this translation       :        34
! INFO-      
! INFO-     Number of solids created without body validation faults :        34
! INFO-      
! INFO-     Number of solids created with body validation fault(s)  :         0
! INFO-      
! INFO-     Number of solids ending up as sheet bodies              :         0
! INFO-      
! INFO-     End of Translation: 6-JUN-2022  11:17:50 PM
! INFO-      
