STEP to UG
! INFO-     NX STEP AP214 - V1926
! INFO-      
! INFO-     Start of Translation: 18-JAN-2021  6:10:48 PM
! INFO-      
! STATUS-   Converting Part: C:\Users\tobi\Documents\!WORK!\SIM\ec_scout_cad\STEP\Sensors\Flir\t810187\STEP\T199073_7,5-19 mm.STEP
! SUMMARY-   
! SUMMARY-    STEP Header Information
! SUMMARY-   
! SUMMARY-  Description      STEP AP214
! SUMMARY-  Imp_Level        1
! SUMMARY-  File_Name        T199073-.004_7,5-19 mm.STEP
! SUMMARY-  Date             2017-03-14T08:45:11
! SUMMARY-  Author           Unknown
! SUMMARY-  Organization     Unknown
! SUMMARY-  Pre_Version      SwSTEP 2.0
! SUMMARY-  Orig_System      SolidWorks 2016
! SUMMARY-  Authorization    Unknown
! SUMMARY-  Schema_ID        automotive_design
! SUMMARY-   
! SUMMARY-    Summary of STEP Entities
! SUMMARY-   
! SUMMARY-  Entity Type                                                   Count
! SUMMARY-  -----------                                                   ------
! SUMMARY-  advanced_face ..............................................:   1087
! SUMMARY-  application_context ........................................:      2
! SUMMARY-  axis2_placement_3d .........................................:   1994
! SUMMARY-  b_spline_curve_with_knots ..................................:    419
! SUMMARY-  b_spline_curve_with_knots_and_rational_b_spline_curve ......:     60
! SUMMARY-  b_spline_surface_with_knots ................................:     51
! SUMMARY-  b_spline_surface_with_knots_and_rational_b_spline_surface ..:     36
! SUMMARY-  cartesian_point ............................................:  17844
! SUMMARY-  circle .....................................................:    993
! SUMMARY-  conical_surface ............................................:     66
! SUMMARY-  cylindrical_surface ........................................:    317
! SUMMARY-  direction ..................................................:   6880
! SUMMARY-  edge_curve .................................................:   4364
! SUMMARY-  edge_loop ..................................................:   1171
! SUMMARY-  face_bound .................................................:     84
! SUMMARY-  face_outer_bound ...........................................:   1087
! SUMMARY-  geometric_representation_context_and_global_uncertainty_a ..:   1089
! SUMMARY-  length_unit_and_si_unit ....................................:   1089
! SUMMARY-  line .......................................................:   2892
! SUMMARY-  open_shell .................................................:    186
! SUMMARY-  oriented_edge ..............................................:   6311
! SUMMARY-  plane ......................................................:    569
! SUMMARY-  plane_angle_unit_and_si_unit ...............................:   1089
! SUMMARY-  product ....................................................:      1
! SUMMARY-  product_context ............................................:      1
! SUMMARY-  product_definition .........................................:      1
! SUMMARY-  product_definition_context .................................:      1
! SUMMARY-  product_definition_formation_with_specified_source .........:      1
! SUMMARY-  product_definition_shape ...................................:      1
! SUMMARY-  product_related_product_category ...........................:      1
! SUMMARY-  shell_based_surface_model ..................................:      1
! SUMMARY-  si_unit_and_solid_angle_unit ...............................:   1089
! SUMMARY-  spherical_surface ..........................................:      7
! SUMMARY-  toroidal_surface ...........................................:     41
! SUMMARY-  uncertainty_measure_with_unit ..............................:   1089
! SUMMARY-  vector .....................................................:   2892
! SUMMARY-  vertex_point ...............................................:   3423
! SUMMARY-                                                               -------
! SUMMARY-  Total                                                          58229
! STATUS-    
! STATUS-   Converting to Output Form (Phase 2 of 3): 18-JAN-2021 6:10:49 PM
! STATUS-    
! STATUS-    
! STATUS-   Generating UG geometry and placing them in parts
! STATUS-    
! STATUS-   Creating the UG part (Phase 3 of 3): 18-JAN-2021  6:10:53 PM
! INFO-     Filing Part ..: C:\Users\tobi\Documents\!WORK!\SIM\ec_scout_cad\NX\Sensors\Flir\T199073_7,5-19 mm.prt
! SUMMARY-   
! SUMMARY-  Summary of Unigraphics Part Entities
! SUMMARY-   
! SUMMARY-  Entities Processed             Count
! SUMMARY-  ------------------             -----
! SUMMARY-  Solid .......................:   186
! SUMMARY-                                 -----
! SUMMARY-  Total                            186
! INFO-      
! INFO-     Total number of solids input for this translation       :         0
! INFO-      
! INFO-     Number of solids created without body validation faults :         0
! INFO-      
! INFO-     Number of solids created with body validation fault(s)  :         0
! INFO-      
! INFO-     Number of solids ending up as sheet bodies              :         0
! INFO-      
! INFO-     End of Translation: 18-JAN-2021  6:10:58 PM
! INFO-      
