STEP to UG
! INFO-     NX STEP AP203 - V2007
! INFO-      
! INFO-     Start of Translation: 9-JUN-2022  4:39:18 PM
! INFO-      
! STATUS-   Converting Part: C:\Users\fnbur\OneDrive\Documents\GitHub\drone_cad\our_unnamed_drone\Power\mill-max-858-10-008-30-022000\mill-max-858-10-008-30-022000.STEP
! SUMMARY-   
! SUMMARY-    STEP Header Information
! SUMMARY-   
! SUMMARY-  Description      STEP AP203
! SUMMARY-  Imp_Level        1
! SUMMARY-  File_Name        mill-max-858-10-008-30-022000.STEP
! SUMMARY-  Date             2022-06-09T14:37:20
! SUMMARY-  Author           Unknown
! SUMMARY-  Organization     Unknown
! SUMMARY-  Pre_Version      SwSTEP 2.0
! SUMMARY-  Orig_System      SolidWorks 2021
! SUMMARY-  Authorization    Unknown
! SUMMARY-  Schema_ID        config_control_design
! SUMMARY-   
! SUMMARY-    Summary of STEP Entities
! SUMMARY-   
! SUMMARY-  Entity Type                                                   Count
! SUMMARY-  -----------                                                   ------
! SUMMARY-  advanced_face ..............................................:    401
! SUMMARY-  application_context ........................................:      8
! SUMMARY-  approval ...................................................:     23
! SUMMARY-  approval_date_time .........................................:     23
! SUMMARY-  approval_person_organization ...............................:     23
! SUMMARY-  approval_role ..............................................:     23
! SUMMARY-  approval_status ............................................:     23
! SUMMARY-  axis2_placement_3d .........................................:    746
! SUMMARY-  b_spline_curve_with_knots ..................................:      5
! SUMMARY-  b_spline_curve_with_knots_and_rational_b_spline_curve ......:    210
! SUMMARY-  b_spline_surface_with_knots_and_rational_b_spline_surface ..:      3
! SUMMARY-  calendar_date ..............................................:     23
! SUMMARY-  cartesian_point ............................................:   4034
! SUMMARY-  circle .....................................................:    334
! SUMMARY-  closed_shell ...............................................:      3
! SUMMARY-  conical_surface ............................................:     16
! SUMMARY-  context_dependent_shape_representation .....................:     11
! SUMMARY-  conversion_based_unit_and_length_unit ......................:      4
! SUMMARY-  coordinated_universal_time_offset ..........................:     23
! SUMMARY-  cylindrical_surface ........................................:    135
! SUMMARY-  date_and_time ..............................................:     23
! SUMMARY-  dimensional_exponents ......................................:      4
! SUMMARY-  direction ..................................................:   2046
! SUMMARY-  edge_curve .................................................:   1103
! SUMMARY-  edge_loop ..................................................:    445
! SUMMARY-  face_bound .................................................:     44
! SUMMARY-  face_outer_bound ...........................................:    401
! SUMMARY-  geometric_representation_context_and_global_uncertainty_a ..:      4
! SUMMARY-  item_defined_transformation ................................:     11
! SUMMARY-  length_measure_with_unit ...................................:      4
! SUMMARY-  length_unit_and_si_unit ....................................:      4
! SUMMARY-  line .......................................................:    554
! SUMMARY-  local_time .................................................:     23
! SUMMARY-  manifold_solid_brep ........................................:      3
! SUMMARY-  next_assembly_usage_occurrence .............................:     11
! SUMMARY-  organization ...............................................:     12
! SUMMARY-  oriented_edge ..............................................:   2206
! SUMMARY-  person .....................................................:     12
! SUMMARY-  person_and_organization ....................................:     23
! SUMMARY-  plane ......................................................:    247
! SUMMARY-  plane_angle_unit_and_si_unit ...............................:      4
! SUMMARY-  product ....................................................:      4
! SUMMARY-  product_context ............................................:      4
! SUMMARY-  product_definition .........................................:      4
! SUMMARY-  product_definition_context .................................:      4
! SUMMARY-  product_definition_formation_with_specified_source .........:      4
! SUMMARY-  product_definition_shape ...................................:     15
! SUMMARY-  product_related_product_category ...........................:      4
! SUMMARY-  representation_relationship_with_transformation_and_shape ..:     11
! SUMMARY-  shape_representation .......................................:      4
! SUMMARY-  si_unit_and_solid_angle_unit ...............................:      4
! SUMMARY-  uncertainty_measure_with_unit ..............................:      4
! SUMMARY-  vector .....................................................:    554
! SUMMARY-  vertex_point ...............................................:    730
! SUMMARY-                                                               -------
! SUMMARY-  Total                                                          14601
! STATUS-    
! STATUS-   Converting to Output Form (Phase 2 of 3): 9-JUN-2022 4:39:18 PM
! STATUS-    
! INFO-     CV0305 The entities referenced by a context_dependant_shape_rep are
! INFO-       not coded as to STEP Part 43 requirements.  The references to the
! INFO-       component and assembly pieces is out of order.  We will attempt
! INFO-       to correct this with the given data.  This problem should be
! INFO-       reported to the translator vendor whose product generated this
! INFO-       STEP file.  If we are unable to rectify this problem the
! INFO-       components may be positioned incorrectly.
! INFO-      
! STATUS-    
! STATUS-   Generating UG geometry and placing them in parts
! STATUS-    
! STATUS-   Creating the UG part (Phase 3 of 3): 9-JUN-2022  4:39:20 PM
! INFO-     Filing Part ..: C:\Users\fnbur\OneDrive\Documents\GitHub\drone_cad\our_unnamed_drone\Power\mill-max-858-10-008-30-022000\0074
! SUMMARY-   
! SUMMARY-  Summary of Unigraphics Part Entities
! SUMMARY-   
! SUMMARY-  Entities Processed             Count
! SUMMARY-  ------------------             -----
! SUMMARY-  Solid .......................:     1
! SUMMARY-                                 -----
! SUMMARY-  Total                              1
! STATUS-   Creating the UG part (Phase 3 of 3): 9-JUN-2022  4:39:21 PM
! INFO-     Filing Part ..: C:\Users\fnbur\OneDrive\Documents\GitHub\drone_cad\our_unnamed_drone\Power\mill-max-858-10-008-30-022000\P8XX-18-014-16-08000X_P808-18-014-16-080000
! SUMMARY-   
! SUMMARY-  Summary of Unigraphics Part Entities
! SUMMARY-   
! SUMMARY-  Entities Processed             Count
! SUMMARY-  ------------------             -----
! SUMMARY-  Solid .......................:     1
! SUMMARY-                                 -----
! SUMMARY-  Total                              1
! STATUS-   Creating the UG part (Phase 3 of 3): 9-JUN-2022  4:39:21 PM
! INFO-     Filing Part ..: C:\Users\fnbur\OneDrive\Documents\GitHub\drone_cad\our_unnamed_drone\Power\mill-max-858-10-008-30-022000\1959-X_1959-1-00-15-00-00-03-0
! SUMMARY-   
! SUMMARY-  Summary of Unigraphics Part Entities
! SUMMARY-   
! SUMMARY-  Entities Processed             Count
! SUMMARY-  ------------------             -----
! SUMMARY-  Solid .......................:     1
! SUMMARY-                                 -----
! SUMMARY-  Total                              1
! STATUS-   Creating the UG part (Phase 3 of 3): 9-JUN-2022  4:39:21 PM
! INFO-     Filing Part ..: C:\Users\fnbur\OneDrive\Documents\GitHub\drone_cad\our_unnamed_drone\Power\mill-max-858-10-008-30-022000\mill-max-858-10-008-30-022000.prt
! SUMMARY-   
! SUMMARY-  Summary of Unigraphics Part Entities
! SUMMARY-   
! SUMMARY-  Entities Processed             Count
! SUMMARY-  ------------------             -----
! SUMMARY-  Component ...................:    11
! SUMMARY-                                 -----
! SUMMARY-  Total                             11
! INFO-      
! INFO-     Total number of solids input for this translation       :         3
! INFO-      
! INFO-     Number of solids created without body validation faults :         3
! INFO-      
! INFO-     Number of solids created with body validation fault(s)  :         0
! INFO-      
! INFO-     Number of solids ending up as sheet bodies              :         0
! INFO-      
! INFO-     End of Translation: 9-JUN-2022  4:39:21 PM
! INFO-      
